
---------------------------------------------------------------------------
BOARD: H:/Desktop/full_circuit/1234.brd ROUTER: 17.2
DATE: Fri Mar 13 12:49:35 2020        HOST: RANK709-14
---------------------------------------------------------------------------
Cnt St-ex Router      Att  Inv Miss Com% Drcs Vias   Etch  Cpu exec  Cpu Tot
--------- ------    ----- ---- ---- ---- ---- ---- ------  -------- --------
  Start    ----        85    0    0 100%    0   23    84.0  0:00:06  0:00:06

---------------------------------------------------------------------------
BOARD: H:/Desktop/full_circuit/1234.brd ROUTER: 17.2
DATE: Fri Mar 13 12:49:35 2020        HOST: RANK709-14
---------------------------------------------------------------------------
Cnt St-ex Router      Att  Inv Miss Com% Drcs Vias   Etch  Cpu exec  Cpu Tot
--------- ------    ----- ---- ---- ---- ---- ---- ------  -------- --------
  Start    ----        85    0    0 100%    0   23    84.0  0:00:06  0:00:06

---------------------------------------------------------------------------
BOARD: H:/Desktop/full_circuit/1234.brd ROUTER: 17.2
DATE: Fri Mar 13 12:49:35 2020        HOST: RANK709-14
---------------------------------------------------------------------------
Cnt St-ex Router      Att  Inv Miss Com% Drcs Vias   Etch  Cpu exec  Cpu Tot
--------- ------    ----- ---- ---- ---- ---- ---- ------  -------- --------
  Start    ----        85    0    0 100%    0   23    76.0  0:00:06  0:00:06
