(---------------------------------------------------------------------)
(                                                                     )
(    Allegro Netrev Import Logic                                      )
(                                                                     )
(    Drawing          : VGroupV2.brd                                  )
(    Software Version : 17.2S055                                      )
(    Date/Time        : Thu Mar 12 16:42:52 2020                      )
(                                                                     )
(---------------------------------------------------------------------)


------ Directives ------------

Ripup etch:                  No
Ripup delete first segment:  No
Ripup retain bondwire:       No
Ripup symbols:               Always
Missing symbol has error:    No
DRC update:                  Yes
Schematic directory:         'H:\DESKTOP\FULL_CIRCUIT\allegro'
Design Directory:            'H:/Desktop/full_circuit/allegro'
Old design name:             'H:/Desktop/full_circuit/allegro/VGroupV2.brd'
New design name:             'H:/Desktop/full_circuit/allegro/VGroupV2.brd'

CmdLine: netrev.exe -y 1 -i H:\DESKTOP\FULL_CIRCUIT\allegro H:\Desktop\full_circuit\allegro\VGroupV2.brd H:\Desktop\full_circuit\allegro\VGroupV2.brd

------ Preparing to read pst files ------

Starting to read H:/DESKTOP/FULL_CIRCUIT/allegro/pstchip.dat 
   Finished reading H:/DESKTOP/FULL_CIRCUIT/allegro/pstchip.dat (00:00:00.05)
Starting to read H:/DESKTOP/FULL_CIRCUIT/allegro/pstxprt.dat 
   Finished reading H:/DESKTOP/FULL_CIRCUIT/allegro/pstxprt.dat (00:00:00.00)
Starting to read H:/DESKTOP/FULL_CIRCUIT/allegro/pstxnet.dat 
   Finished reading H:/DESKTOP/FULL_CIRCUIT/allegro/pstxnet.dat (00:00:00.01)

------ Oversights/Warnings/Errors ------


------ Library Paths ------
MODULEPATH =  . 
           C:/Cadence/SPB_17.2/share/local/pcb/modules 

PSMPATH =  Q:/allegro/PCB_LIB/symbols/ 
           . 
           symbols 
           .. 
           ../symbols 
           C:/Cadence/SPB_17.2/share/local/pcb/symbols 
           C:/Cadence/SPB_17.2/share/pcb/pcb_lib/symbols 
           C:/Cadence/SPB_17.2/share/pcb/allegrolib/symbols 

PADPATH =  Q:/allegro/PCB_LIB/padstacks/ 
           . 
           symbols 
           .. 
           ../symbols 
           C:/Cadence/SPB_17.2/share/local/pcb/padstacks 
           C:/Cadence/SPB_17.2/share/pcb/pcb_lib/symbols 
           C:/Cadence/SPB_17.2/share/pcb/allegrolib/symbols 


------ Summary Statistics ------


netrev run on Mar 12 16:42:52 2020
   DESIGN NAME : 'FULL_CIRCUIT'
   PACKAGING ON May 11 2019 05:12:43

   COMPILE 'logic'
   CHECK_PIN_NAMES OFF
   CROSS_REFERENCE OFF
   FEEDBACK OFF
   INCREMENTAL OFF
   INTERFACE_TYPE PHYSICAL
   MAX_ERRORS 500
   MERGE_MINIMUM 5
   NET_NAME_CHARS '#%&()*+-./:=>?@[]^_`|'
   NET_NAME_LENGTH 24
   OVERSIGHTS ON
   REPLACE_CHECK OFF
   SINGLE_NODE_NETS ON
   SPLIT_MINIMUM 0
   SUPPRESS   20
   WARNINGS ON

 No error detected
 No oversight detected
 No warning detected

cpu time      0:02:49
elapsed time  0:00:01

