
---------------------------------------------------------------------------
BOARD: H:/Desktop/full_circuit/allegro/VGroupV4.brd ROUTER: 17.2
DATE: Fri Mar 13 10:50:24 2020        HOST: RANK709-14
---------------------------------------------------------------------------
Cnt St-ex Router      Att  Inv Miss Com% Drcs Vias   Etch  Cpu exec  Cpu Tot
--------- ------    ----- ---- ---- ---- ---- ---- ------  -------- --------
  Start    ----        83    0    0 100%    0   19    96.0  0:00:15  0:00:15

---------------------------------------------------------------------------
BOARD: H:/Desktop/full_circuit/allegro/VGroupV4.brd ROUTER: 17.2
DATE: Fri Mar 13 10:50:24 2020        HOST: RANK709-14
---------------------------------------------------------------------------
Cnt St-ex Router      Att  Inv Miss Com% Drcs Vias   Etch  Cpu exec  Cpu Tot
--------- ------    ----- ---- ---- ---- ---- ---- ------  -------- --------
  Start    ----        83    0    0 100%    0   19    96.0  0:00:15  0:00:15

---------------------------------------------------------------------------
BOARD: H:/Desktop/full_circuit/allegro/VGroupV4.brd ROUTER: 17.2
DATE: Fri Mar 13 10:50:24 2020        HOST: RANK709-14
---------------------------------------------------------------------------
Cnt St-ex Router      Att  Inv Miss Com% Drcs Vias   Etch  Cpu exec  Cpu Tot
--------- ------    ----- ---- ---- ---- ---- ---- ------  -------- --------
  Start    ----        83    0    0 100%    0   19    87.0  0:00:15  0:00:15
